[2021-08-27 11:28:01,631] - [component_runner.py] - [INFO] - input_path=asdf, ggg
[2021-08-27 11:28:01,632] - [urllib3.connectionpool] - [DEBUG] - Starting new HTTP connection (1): minio-service:9000
[2021-08-27 11:28:01,634] - [urllib3.util.retry] - [DEBUG] - Incremented Retry for (url='/asdf?location='): Retry(total=4, connect=None, read=None, redirect=None, status=None)
[2021-08-27 11:28:01,634] - [urllib3.connectionpool] - [WARNING] - Retrying (Retry(total=4, connect=None, read=None, redirect=None, status=None)) after connection broken by 'NewConnectionError('<urllib3.connection.HTTPConnection object at 0x7fb356911fa0>: Failed to establish a new connection: [Errno -3] Temporary failure in name resolution')': /asdf?location=
[2021-08-27 11:28:01,635] - [urllib3.connectionpool] - [DEBUG] - Starting new HTTP connection (2): minio-service:9000
[2021-08-27 11:28:01,637] - [urllib3.util.retry] - [DEBUG] - Incremented Retry for (url='/asdf?location='): Retry(total=3, connect=None, read=None, redirect=None, status=None)
[2021-08-27 11:28:02,037] - [urllib3.connectionpool] - [WARNING] - Retrying (Retry(total=3, connect=None, read=None, redirect=None, status=None)) after connection broken by 'NewConnectionError('<urllib3.connection.HTTPConnection object at 0x7fb35692f250>: Failed to establish a new connection: [Errno -3] Temporary failure in name resolution')': /asdf?location=
[2021-08-27 11:28:02,038] - [urllib3.connectionpool] - [DEBUG] - Starting new HTTP connection (3): minio-service:9000
[2021-08-27 11:28:02,039] - [urllib3.util.retry] - [DEBUG] - Incremented Retry for (url='/asdf?location='): Retry(total=2, connect=None, read=None, redirect=None, status=None)
[2021-08-27 11:28:02,841] - [urllib3.connectionpool] - [WARNING] - Retrying (Retry(total=2, connect=None, read=None, redirect=None, status=None)) after connection broken by 'NewConnectionError('<urllib3.connection.HTTPConnection object at 0x7fb356911af0>: Failed to establish a new connection: [Errno -3] Temporary failure in name resolution')': /asdf?location=
[2021-08-27 11:28:02,842] - [urllib3.connectionpool] - [DEBUG] - Starting new HTTP connection (4): minio-service:9000
[2021-08-27 11:28:02,844] - [urllib3.util.retry] - [DEBUG] - Incremented Retry for (url='/asdf?location='): Retry(total=1, connect=None, read=None, redirect=None, status=None)
[2021-08-27 11:28:04,446] - [urllib3.connectionpool] - [WARNING] - Retrying (Retry(total=1, connect=None, read=None, redirect=None, status=None)) after connection broken by 'NewConnectionError('<urllib3.connection.HTTPConnection object at 0x7fb35692f490>: Failed to establish a new connection: [Errno -3] Temporary failure in name resolution')': /asdf?location=
[2021-08-27 11:28:04,448] - [urllib3.connectionpool] - [DEBUG] - Starting new HTTP connection (5): minio-service:9000
[2021-08-27 11:28:04,451] - [urllib3.util.retry] - [DEBUG] - Incremented Retry for (url='/asdf?location='): Retry(total=0, connect=None, read=None, redirect=None, status=None)
[2021-08-27 12:11:32,827] - [component_runner.py] - [INFO] - input_path=None, None
[2021-08-27 12:11:32,829] - [urllib3.connectionpool] - [DEBUG] - Starting new HTTP connection (1): minio-service:9000
[2021-08-27 12:11:32,831] - [urllib3.util.retry] - [DEBUG] - Incremented Retry for (url='/?delimiter=&encoding-type=url&list-type=2&max-keys=1000&prefix='): Retry(total=4, connect=None, read=None, redirect=None, status=None)
[2021-08-27 12:11:32,832] - [urllib3.connectionpool] - [WARNING] - Retrying (Retry(total=4, connect=None, read=None, redirect=None, status=None)) after connection broken by 'NewConnectionError('<urllib3.connection.HTTPConnection object at 0x7fdf16721ee0>: Failed to establish a new connection: [Errno -3] Temporary failure in name resolution')': /?delimiter=&encoding-type=url&list-type=2&max-keys=1000&prefix=
[2021-08-27 12:11:32,832] - [urllib3.connectionpool] - [DEBUG] - Starting new HTTP connection (2): minio-service:9000
[2021-08-27 12:11:32,834] - [urllib3.util.retry] - [DEBUG] - Incremented Retry for (url='/?delimiter=&encoding-type=url&list-type=2&max-keys=1000&prefix='): Retry(total=3, connect=None, read=None, redirect=None, status=None)
[2021-08-27 12:11:33,235] - [urllib3.connectionpool] - [WARNING] - Retrying (Retry(total=3, connect=None, read=None, redirect=None, status=None)) after connection broken by 'NewConnectionError('<urllib3.connection.HTTPConnection object at 0x7fdf16740190>: Failed to establish a new connection: [Errno -3] Temporary failure in name resolution')': /?delimiter=&encoding-type=url&list-type=2&max-keys=1000&prefix=
[2021-08-27 12:11:33,237] - [urllib3.connectionpool] - [DEBUG] - Starting new HTTP connection (3): minio-service:9000
[2021-08-27 12:11:33,239] - [urllib3.util.retry] - [DEBUG] - Incremented Retry for (url='/?delimiter=&encoding-type=url&list-type=2&max-keys=1000&prefix='): Retry(total=2, connect=None, read=None, redirect=None, status=None)
[2021-08-27 12:11:34,040] - [urllib3.connectionpool] - [WARNING] - Retrying (Retry(total=2, connect=None, read=None, redirect=None, status=None)) after connection broken by 'NewConnectionError('<urllib3.connection.HTTPConnection object at 0x7fdf167403a0>: Failed to establish a new connection: [Errno -3] Temporary failure in name resolution')': /?delimiter=&encoding-type=url&list-type=2&max-keys=1000&prefix=
[2021-08-27 12:11:34,041] - [urllib3.connectionpool] - [DEBUG] - Starting new HTTP connection (4): minio-service:9000
[2021-08-27 12:11:34,042] - [urllib3.util.retry] - [DEBUG] - Incremented Retry for (url='/?delimiter=&encoding-type=url&list-type=2&max-keys=1000&prefix='): Retry(total=1, connect=None, read=None, redirect=None, status=None)
[2021-08-27 12:11:35,644] - [urllib3.connectionpool] - [WARNING] - Retrying (Retry(total=1, connect=None, read=None, redirect=None, status=None)) after connection broken by 'NewConnectionError('<urllib3.connection.HTTPConnection object at 0x7fdf16721760>: Failed to establish a new connection: [Errno -3] Temporary failure in name resolution')': /?delimiter=&encoding-type=url&list-type=2&max-keys=1000&prefix=
[2021-08-27 12:11:35,646] - [urllib3.connectionpool] - [DEBUG] - Starting new HTTP connection (5): minio-service:9000
[2021-08-27 12:11:35,648] - [urllib3.util.retry] - [DEBUG] - Incremented Retry for (url='/?delimiter=&encoding-type=url&list-type=2&max-keys=1000&prefix='): Retry(total=0, connect=None, read=None, redirect=None, status=None)
